<?xml version="1.0" encoding="UTF-8"?>
<!-- Generated by org.testng.reporters.JUnitXMLReporter -->
<testsuite hostname="HP" ignored="2" name="Test" tests="4" failures="0" timestamp="2022-03-16T18:31:55 IST" time="0.087" errors="0">
  <testcase name="TC5" time="0.015" classname="FirstPackage.LoginTest"/>
  <testcase name="TC2" time="0.0" classname="FirstPackage.LoginTest"/>
  <testcase name="TC1" time="0.0" classname="FirstPackage.LoginTest"/>
  <testcase name="TC4" time="0.0" classname="FirstPackage.LoginTest"/>
  <testcase name="TC3" time="0.0" classname="FirstPackage.LoginTest">
    <ignored/>
  </testcase> <!-- TC3 -->
  <testcase name="TC6" time="0.0" classname="FirstPackage.LoginTest">
    <ignored/>
  </testcase> <!-- TC6 -->
</testsuite> <!-- Test -->
