<?xml version="1.0" encoding="UTF-8"?>
<testng-results skipped="0" failed="0" ignored="1" total="3" passed="2">
  <reporter-output>
  </reporter-output>
  <suite name="Suite" duration-ms="14307" started-at="2022-03-26T14:46:31 IST" finished-at="2022-03-26T14:46:45 IST">
    <groups>
    </groups>
    <test name="Test" duration-ms="14307" started-at="2022-03-26T14:46:31 IST" finished-at="2022-03-26T14:46:45 IST">
      <class name="com.abc.OrangeHRMS.Test.LoginPageTest">
        <test-method status="PASS" signature="Browser_Initilisation()[pri:0, instance:com.abc.OrangeHRMS.Test.LoginPageTest@1a3869f4]" name="Browser_Initilisation" is-config="true" duration-ms="15387" started-at="2022-03-26T14:46:15 IST" finished-at="2022-03-26T14:46:31 IST">
          <reporter-output>
          </reporter-output>
        </test-method> <!-- Browser_Initilisation -->
        <test-method status="PASS" signature="Report()[pri:0, instance:com.abc.OrangeHRMS.Test.LoginPageTest@1a3869f4]" name="Report" is-config="true" duration-ms="1346" started-at="2022-03-26T14:46:31 IST" finished-at="2022-03-26T14:46:32 IST">
          <reporter-output>
          </reporter-output>
        </test-method> <!-- Report -->
        <test-method status="PASS" signature="ExcelConnect()[pri:0, instance:com.abc.OrangeHRMS.Test.LoginPageTest@1a3869f4]" name="ExcelConnect" is-config="true" duration-ms="3405" started-at="2022-03-26T14:46:32 IST" depends-on-methods="com.abc.commonfunctionality.Reporter.Report" finished-at="2022-03-26T14:46:36 IST">
          <reporter-output>
          </reporter-output>
        </test-method> <!-- ExcelConnect -->
        <test-method status="PASS" signature="TC2()[pri:1, instance:com.abc.OrangeHRMS.Test.LoginPageTest@1a3869f4]" name="TC2" duration-ms="3053" started-at="2022-03-26T14:46:36 IST" description="Verify that user is unable to login successfully with invalid credential" finished-at="2022-03-26T14:46:39 IST">
          <reporter-output>
          </reporter-output>
        </test-method> <!-- TC2 -->
        <test-method status="PASS" signature="TC1()[pri:2, instance:com.abc.OrangeHRMS.Test.LoginPageTest@1a3869f4]" name="TC1" duration-ms="5517" started-at="2022-03-26T14:46:39 IST" description="Verify that user is able to login successfully with valid credential" finished-at="2022-03-26T14:46:44 IST">
          <reporter-output>
          </reporter-output>
        </test-method> <!-- TC1 -->
        <test-method status="PASS" signature="endTest()[pri:0, instance:com.abc.OrangeHRMS.Test.LoginPageTest@1a3869f4]" name="endTest" is-config="true" duration-ms="837" started-at="2022-03-26T14:46:44 IST" finished-at="2022-03-26T14:46:45 IST">
          <reporter-output>
          </reporter-output>
        </test-method> <!-- endTest -->
        <test-method status="PASS" signature="TearDown()[pri:0, instance:com.abc.OrangeHRMS.Test.LoginPageTest@1a3869f4]" name="TearDown" is-config="true" duration-ms="4202" started-at="2022-03-26T14:46:45 IST" finished-at="2022-03-26T14:46:50 IST">
          <reporter-output>
          </reporter-output>
        </test-method> <!-- TearDown -->
      </class> <!-- com.abc.OrangeHRMS.Test.LoginPageTest -->
    </test> <!-- Test -->
  </suite> <!-- Suite -->
</testng-results>
