<?xml version="1.0" encoding="UTF-8"?>
<!-- Generated by org.testng.reporters.JUnitXMLReporter -->
<testsuite hostname="HP" ignored="1" name="Test" tests="2" failures="0" timestamp="2022-03-26T14:46:45 IST" time="14.307" errors="0">
  <testcase name="TC2" time="3.053" classname="com.abc.OrangeHRMS.Test.LoginPageTest"/>
  <testcase name="TC1" time="5.517" classname="com.abc.OrangeHRMS.Test.LoginPageTest"/>
  <testcase name="TC3" time="0.0" classname="com.abc.OrangeHRMS.Test.LoginPageTest">
    <ignored/>
  </testcase> <!-- TC3 -->
</testsuite> <!-- Test -->
